c:\users\asd\documents\unreal projects\mastergoal\mastergoal\source\ia\debug\vc120.pdb
c:\users\asd\documents\unreal projects\mastergoal\mastergoal\source\ia\debug\vc120.idb
c:\users\asd\documents\unreal projects\mastergoal\mastergoal\source\ia\debug\deltaevaluatorlevel3.obj
c:\users\asd\documents\unreal projects\mastergoal\mastergoal\source\ia\debug\deltaevaluatorlevel4.obj
c:\users\asd\documents\unreal projects\mastergoal\mastergoal\source\ia\debug\evaluatorlevel1.obj
c:\users\asd\documents\unreal projects\mastergoal\mastergoal\source\ia\debug\evaluatorlevel2.obj
c:\users\asd\documents\unreal projects\mastergoal\mastergoal\source\ia\debug\evaluatorlevel3.obj
c:\users\asd\documents\unreal projects\mastergoal\mastergoal\source\ia\debug\evaluatorlevel4.obj
c:\users\asd\documents\unreal projects\mastergoal\mastergoal\source\ia\debug\negamaxsearcher.obj
c:\users\asd\documents\unreal projects\mastergoal\mastergoal\source\ia\debug\successorgenerator.obj
c:\users\asd\documents\unreal projects\mastergoal\mastergoal\source\ia\debug\halloffame.obj
c:\users\asd\documents\unreal projects\mastergoal\mastergoal\source\ia\debug\history.obj
c:\users\asd\documents\unreal projects\mastergoal\mastergoal\source\ia\debug\sampletourga.obj
c:\users\asd\documents\unreal projects\mastergoal\mastergoal\source\ia\debug\eliminatorytournament.obj
c:\users\asd\documents\unreal projects\mastergoal\mastergoal\source\ia\debug\encoder.obj
c:\users\asd\documents\unreal projects\mastergoal\mastergoal\source\ia\debug\fullcomptournament.obj
c:\users\asd\documents\unreal projects\mastergoal\mastergoal\source\ia\debug\onevsonetournament.obj
c:\users\asd\documents\unreal projects\mastergoal\mastergoal\source\ia\debug\samplepopdata.obj
c:\users\asd\documents\unreal projects\mastergoal\mastergoal\source\ia\debug\sampletourdata.obj
c:\users\asd\documents\unreal projects\mastergoal\mastergoal\source\ia\debug\sampletournament.obj
c:\users\asd\documents\unreal projects\mastergoal\mastergoal\source\ia\debug\samppartournament.obj
c:\users\asd\documents\unreal projects\mastergoal\mastergoal\source\ia\debug\tournament.obj
c:\users\asd\documents\unreal projects\mastergoal\mastergoal\source\ia\debug\evogoal.obj
c:\users\asd\documents\unreal projects\mastergoal\mastergoal\source\ia\debug\definitions.obj
c:\users\asd\documents\unreal projects\mastergoal\mastergoal\source\ia\debug\rulesmanager.obj
c:\users\asd\documents\unreal projects\mastergoal\mastergoal\source\ia\debug\ballmovement.obj
c:\users\asd\documents\unreal projects\mastergoal\mastergoal\source\ia\debug\board.obj
c:\users\asd\documents\unreal projects\mastergoal\mastergoal\source\ia\debug\game.obj
c:\users\asd\documents\unreal projects\mastergoal\mastergoal\source\ia\debug\movement.obj
c:\users\asd\documents\unreal projects\mastergoal\mastergoal\source\ia\debug\piece.obj
c:\users\asd\documents\unreal projects\mastergoal\mastergoal\source\ia\debug\play.obj
c:\users\asd\documents\unreal projects\mastergoal\mastergoal\source\ia\debug\player.obj
c:\users\asd\documents\unreal projects\mastergoal\mastergoal\source\ia\debug\playermovement.obj
c:\users\asd\documents\unreal projects\mastergoal\mastergoal\source\ia\debug\playerpiece.obj
c:\users\asd\documents\unreal projects\mastergoal\mastergoal\source\ia\debug\square.obj
c:\users\asd\documents\unreal projects\mastergoal\mastergoal\source\ia\debug\state.obj
c:\users\asd\documents\unreal projects\mastergoal\mastergoal\source\ia\debug\abstractsearcher.obj
c:\users\asd\documents\unreal projects\mastergoal\mastergoal\source\ia\debug\actionsearcher.obj
c:\users\asd\documents\unreal projects\mastergoal\mastergoal\source\ia\debug\agent.obj
c:\users\asd\documents\unreal projects\mastergoal\mastergoal\source\ia\debug\deltaevaluatorlevel1.obj
c:\users\asd\documents\unreal projects\mastergoal\mastergoal\source\ia\debug\deltaevaluatorlevel2.obj
c:\users\asd\documents\unreal projects\mastergoal\mastergoal\debug\evogoal.lib
c:\users\asd\documents\unreal projects\mastergoal\mastergoal\source\ia\debug\evogoal.tlog\cl.command.1.tlog
c:\users\asd\documents\unreal projects\mastergoal\mastergoal\source\ia\debug\evogoal.tlog\cl.read.1.tlog
c:\users\asd\documents\unreal projects\mastergoal\mastergoal\source\ia\debug\evogoal.tlog\cl.write.1.tlog
c:\users\asd\documents\unreal projects\mastergoal\mastergoal\source\ia\debug\evogoal.tlog\lib-link.read.1.tlog
c:\users\asd\documents\unreal projects\mastergoal\mastergoal\source\ia\debug\evogoal.tlog\lib-link.write.1.tlog
c:\users\asd\documents\unreal projects\mastergoal\mastergoal\source\ia\debug\evogoal.tlog\lib.command.1.tlog
