c:\users\guido\desktop\mastergoal v1\release\vc120.pdb
c:\users\guido\desktop\mastergoal v1\release\deltaevaluatorlevel2.obj
c:\users\guido\desktop\mastergoal v1\release\deltaevaluatorlevel1.obj
c:\users\guido\desktop\mastergoal v1\release\agent.obj
c:\users\guido\desktop\mastergoal v1\release\actionsearcher.obj
c:\users\guido\desktop\mastergoal v1\release\abstractsearcher.obj
c:\users\guido\desktop\mastergoal v1\release\state.obj
c:\users\guido\desktop\mastergoal v1\release\square.obj
c:\users\guido\desktop\mastergoal v1\release\playerpiece.obj
c:\users\guido\desktop\mastergoal v1\release\playermovement.obj
c:\users\guido\desktop\mastergoal v1\release\player.obj
c:\users\guido\desktop\mastergoal v1\release\play.obj
c:\users\guido\desktop\mastergoal v1\release\piece.obj
c:\users\guido\desktop\mastergoal v1\release\movement.obj
c:\users\guido\desktop\mastergoal v1\release\game.obj
c:\users\guido\desktop\mastergoal v1\release\board.obj
c:\users\guido\desktop\mastergoal v1\release\ballmovement.obj
c:\users\guido\desktop\mastergoal v1\release\rulesmanager.obj
c:\users\guido\desktop\mastergoal v1\release\definitions.obj
c:\users\guido\desktop\mastergoal v1\release\stdafx.obj
c:\users\guido\desktop\mastergoal v1\release\evogoal.obj
c:\users\guido\desktop\mastergoal v1\release\tournament.obj
c:\users\guido\desktop\mastergoal v1\release\samppartournament.obj
c:\users\guido\desktop\mastergoal v1\release\sampletournament.obj
c:\users\guido\desktop\mastergoal v1\release\sampletourdata.obj
c:\users\guido\desktop\mastergoal v1\release\samplepopdata.obj
c:\users\guido\desktop\mastergoal v1\release\onevsonetournament.obj
c:\users\guido\desktop\mastergoal v1\release\fullcomptournament.obj
c:\users\guido\desktop\mastergoal v1\release\encoder.obj
c:\users\guido\desktop\mastergoal v1\release\eliminatorytournament.obj
c:\users\guido\desktop\mastergoal v1\release\sampletourga.obj
c:\users\guido\desktop\mastergoal v1\release\history.obj
c:\users\guido\desktop\mastergoal v1\release\halloffame.obj
c:\users\guido\desktop\mastergoal v1\release\successorgenerator.obj
c:\users\guido\desktop\mastergoal v1\release\negamaxsearcher.obj
c:\users\guido\desktop\mastergoal v1\release\evaluatorlevel4.obj
c:\users\guido\desktop\mastergoal v1\release\evaluatorlevel3.obj
c:\users\guido\desktop\mastergoal v1\release\evaluatorlevel2.obj
c:\users\guido\desktop\mastergoal v1\release\evaluatorlevel1.obj
c:\users\guido\desktop\mastergoal v1\release\deltaevaluatorlevel4.obj
c:\users\guido\desktop\mastergoal v1\release\deltaevaluatorlevel3.obj
c:\users\guido\desktop\mastergoal v1\release\evogoal.exe
c:\users\guido\desktop\mastergoal v1\release\evogoal.pdb
c:\users\guido\desktop\mastergoal v1\release\evogoal.tlog\cl.command.1.tlog
c:\users\guido\desktop\mastergoal v1\release\evogoal.tlog\cl.read.1.tlog
c:\users\guido\desktop\mastergoal v1\release\evogoal.tlog\cl.write.1.tlog
c:\users\guido\desktop\mastergoal v1\release\evogoal.tlog\link.command.1.tlog
c:\users\guido\desktop\mastergoal v1\release\evogoal.tlog\link.read.1.tlog
c:\users\guido\desktop\mastergoal v1\release\evogoal.tlog\link.write.1.tlog
